<?xml version="1.0" encoding="UTF-8"?>
<!-- Generated by org.testng.reporters.JUnitReportReporter -->
<testsuite hostname="mohitparihar" failures="0" tests="1" name="RestApiDemo.MockTest" time="1.054" errors="0" timestamp="22 Dec 2021 17:25:02 GMT">
  <testcase classname="RestApiDemo.MockTest" name="testPayload" time="1.054"/>
</testsuite> <!-- RestApiDemo.MockTest -->
