<?xml version="1.0" encoding="UTF-8"?>
<!-- Generated by org.testng.reporters.JUnitReportReporter -->
<testsuite hostname="mohitparihar" failures="0" tests="1" name="Authentication.BasicAuthorization" time="1.757" errors="0" timestamp="22 Dec 2021 05:56:54 GMT">
  <testcase classname="Authentication.BasicAuthorization" name="BearerToken" time="1.757"/>
</testsuite> <!-- Authentication.BasicAuthorization -->
