<?xml version="1.0" encoding="UTF-8"?>
<!-- Generated by org.testng.reporters.JUnitReportReporter -->
<testsuite hostname="mohitparihar" failures="0" tests="3" name="RestApiDemo.Dynamic" time="1.580" errors="0" timestamp="22 Dec 2021 09:46:48 GMT">
  <testcase classname="RestApiDemo.Dynamic" name="DataDynamic" time="0.167"/>
  <testcase classname="RestApiDemo.Dynamic" name="DataDynamic" time="0.181"/>
  <testcase classname="RestApiDemo.Dynamic" name="DataDynamic" time="1.232"/>
</testsuite> <!-- RestApiDemo.Dynamic -->
