<?xml version="1.0" encoding="UTF-8"?>
<!-- Generated by org.testng.reporters.JUnitReportReporter -->
<testsuite hostname="mohitparihar" failures="0" tests="1" name="RestApiDemo.GetResponse" time="1.759" errors="0" timestamp="17 Dec 2021 12:05:17 GMT">
  <testcase classname="RestApiDemo.GetResponse" name="Get" time="1.759"/>
</testsuite> <!-- RestApiDemo.GetResponse -->
