<?xml version="1.0" encoding="UTF-8"?>
<!-- Generated by org.testng.reporters.JUnitReportReporter -->
<testsuite hostname="mohitparihar" failures="0" tests="1" name="RestApiDemo.BasicAuthorization" time="1.599" errors="0" timestamp="21 Dec 2021 07:30:59 GMT">
  <testcase classname="RestApiDemo.BasicAuthorization" name="BearerToken" time="1.599"/>
</testsuite> <!-- RestApiDemo.BasicAuthorization -->
