<?xml version="1.0" encoding="UTF-8"?>
<!-- Generated by org.testng.reporters.JUnitReportReporter -->
<testsuite hostname="mohitparihar" failures="0" tests="6" name="com.SeleniumProject.tests.HomePageTabsTests" time="39.132" errors="0" timestamp="2021-11-09T17:41:42 IST" skipped="0">
  <testcase classname="com.SeleniumProject.tests.HomePageTabsTests" name="testMousehover" time="5.718"/>
  <system-out/>
  <testcase classname="com.SeleniumProject.tests.HomePageTabsTests" name="testMousehover" time="3.839"/>
  <system-out/>
  <testcase classname="com.SeleniumProject.tests.HomePageTabsTests" name="testMousehover" time="8.199"/>
  <system-out/>
  <testcase classname="com.SeleniumProject.tests.HomePageTabsTests" name="tabstest" time="4.993"/>
  <system-out/>
  <testcase classname="com.SeleniumProject.tests.HomePageTabsTests" name="tabstest" time="7.314"/>
  <system-out/>
  <testcase classname="com.SeleniumProject.tests.HomePageTabsTests" name="tabstest" time="9.069"/>
  <system-out/>
</testsuite> <!-- com.SeleniumProject.tests.HomePageTabsTests -->
