<?xml version="1.0" encoding="UTF-8"?>
<!-- Generated by org.testng.reporters.JUnitReportReporter -->
<testsuite hostname="mohitparihar" failures="0" tests="1" name="Runner.TestRunner" time="14.313" errors="0" timestamp="10 Nov 2021 06:12:28 GMT" skipped="0">
  <testcase classname="Runner.TestRunner" name="feature" time="14.313"/>
</testsuite> <!-- Runner.TestRunner -->
